<?xml version="1.0" encoding="UTF-8"?>
<testsuite name="com.pruebatecnica.controller.AccountControllerTest" tests="2" skipped="0" failures="0" errors="0" timestamp="2026-01-06T09:12:55.303Z" hostname="nobara-pc" time="1.72">
  <properties/>
  <testcase name="shouldCreateGetUpdateDeleteAccount()" classname="com.pruebatecnica.controller.AccountControllerTest" time="1.501"/>
  <testcase name="shouldListAccountsByCustomerId()" classname="com.pruebatecnica.controller.AccountControllerTest" time="0.216"/>
  <system-out><![CDATA[Standard Commons Logging discovery in action with spring-jcl: please remove commons-logging.jar from classpath in order to avoid potential conflicts
04:12:47.768 [Test worker] INFO org.springframework.test.context.support.AnnotationConfigContextLoaderUtils -- Could not detect default configuration classes for test class [com.pruebatecnica.controller.AccountControllerTest]: AccountControllerTest does not declare any static, non-private, non-final, nested classes annotated with @Configuration.
04:12:47.925 [Test worker] INFO org.springframework.boot.test.context.SpringBootTestContextBootstrapper -- Found @SpringBootConfiguration com.pruebatecnica.PruebaTecnicaApplication for test class com.pruebatecnica.controller.AccountControllerTest

  .   ____          _            __ _ _
 /\\ / ___'_ __ _ _(_)_ __  __ _ \ \ \ \
( ( )\___ | '_ | '_| | '_ \/ _` | \ \ \ \
 \\/  ___)| |_)| | | | | || (_| |  ) ) ) )
  '  |____| .__|_| |_|_| |_\__, | / / / /
 =========|_|==============|___/=/_/_/_/

 :: Spring Boot ::                (v3.3.5)

2026-01-06T04:12:48.631-05:00  INFO 9022 --- [prueba-tecnica] [    Test worker] c.p.controller.AccountControllerTest     : Starting AccountControllerTest using Java 21.0.9 with PID 9022 (started by yandry in /home/yandry/DEVELOPMENT/PRUEBATECNICA/PruebaTecnicaEnero2026)
2026-01-06T04:12:48.635-05:00  INFO 9022 --- [prueba-tecnica] [    Test worker] c.p.controller.AccountControllerTest     : The following 1 profile is active: "test"
2026-01-06T04:12:49.888-05:00  INFO 9022 --- [prueba-tecnica] [    Test worker] .s.d.r.c.RepositoryConfigurationDelegate : Bootstrapping Spring Data JPA repositories in DEFAULT mode.
2026-01-06T04:12:49.972-05:00  INFO 9022 --- [prueba-tecnica] [    Test worker] .s.d.r.c.RepositoryConfigurationDelegate : Finished Spring Data repository scanning in 74 ms. Found 3 JPA repository interfaces.
2026-01-06T04:12:50.665-05:00  INFO 9022 --- [prueba-tecnica] [    Test worker] o.hibernate.jpa.internal.util.LogHelper  : HHH000204: Processing PersistenceUnitInfo [name: default]
2026-01-06T04:12:50.800-05:00  INFO 9022 --- [prueba-tecnica] [    Test worker] org.hibernate.Version                    : HHH000412: Hibernate ORM core version 6.5.3.Final
2026-01-06T04:12:50.899-05:00  INFO 9022 --- [prueba-tecnica] [    Test worker] o.h.c.internal.RegionFactoryInitiator    : HHH000026: Second-level cache disabled
2026-01-06T04:12:51.355-05:00  INFO 9022 --- [prueba-tecnica] [    Test worker] o.s.o.j.p.SpringPersistenceUnitInfo      : No LoadTimeWeaver setup: ignoring JPA class transformer
2026-01-06T04:12:51.396-05:00  INFO 9022 --- [prueba-tecnica] [    Test worker] com.zaxxer.hikari.HikariDataSource       : HikariPool-1 - Starting...
2026-01-06T04:12:51.766-05:00  INFO 9022 --- [prueba-tecnica] [    Test worker] com.zaxxer.hikari.pool.HikariPool        : HikariPool-1 - Added connection conn0: url=jdbc:h2:mem:pruebatecnica_test user=SA
2026-01-06T04:12:51.769-05:00  INFO 9022 --- [prueba-tecnica] [    Test worker] com.zaxxer.hikari.HikariDataSource       : HikariPool-1 - Start completed.
2026-01-06T04:12:51.824-05:00  WARN 9022 --- [prueba-tecnica] [    Test worker] org.hibernate.orm.deprecation            : HHH90000025: H2Dialect does not need to be specified explicitly using 'hibernate.dialect' (remove the property setting and it will be selected by default)
2026-01-06T04:12:52.892-05:00  INFO 9022 --- [prueba-tecnica] [    Test worker] o.h.e.t.j.p.i.JtaPlatformInitiator       : HHH000489: No JTA platform available (set 'hibernate.transaction.jta.platform' to enable JTA platform integration)
2026-01-06T04:12:53.017-05:00  INFO 9022 --- [prueba-tecnica] [    Test worker] j.LocalContainerEntityManagerFactoryBean : Initialized JPA EntityManagerFactory for persistence unit 'default'
2026-01-06T04:12:55.237-05:00  INFO 9022 --- [prueba-tecnica] [    Test worker] o.s.b.t.m.w.SpringBootMockServletContext : Initializing Spring TestDispatcherServlet ''
2026-01-06T04:12:55.238-05:00  INFO 9022 --- [prueba-tecnica] [    Test worker] o.s.t.web.servlet.TestDispatcherServlet  : Initializing Servlet ''
2026-01-06T04:12:55.241-05:00  INFO 9022 --- [prueba-tecnica] [    Test worker] o.s.t.web.servlet.TestDispatcherServlet  : Completed initialization in 2 ms
2026-01-06T04:12:55.279-05:00  INFO 9022 --- [prueba-tecnica] [    Test worker] c.p.controller.AccountControllerTest     : Started AccountControllerTest in 7.162 seconds (process running for 8.989)
]]></system-out>
  <system-err><![CDATA[WARNING: A Java agent has been loaded dynamically (/home/yandry/.gradle/caches/modules-2/files-2.1/net.bytebuddy/byte-buddy-agent/1.14.19/154da3a65b4f4a909d3e5bdec55d1b2b4cbb6ce1/byte-buddy-agent-1.14.19.jar)
WARNING: If a serviceability tool is in use, please run with -XX:+EnableDynamicAgentLoading to hide this warning
WARNING: If a serviceability tool is not in use, please run with -Djdk.instrument.traceUsage for more information
WARNING: Dynamic loading of agents will be disallowed by default in a future release
]]></system-err>
</testsuite>
